<?xml version="1.0" encoding="UTF-8"?>
<!-- Generated by org.testng.reporters.JUnitXMLReporter -->
<testsuite hostname="DESKTOP-7A6ARUE" name="Default test" tests="4" failures="0" timestamp="22 Apr 2024 13:18:44 GMT" time="26.255" errors="0">
  <testcase name="launch" time="3.458" classname="com.base.Project"/>
  <testcase name="search" time="3.461" classname="com.base.Project"/>
  <testcase name="product_filter" time="3.299" classname="com.base.Project"/>
  <testcase name="shoe" time="6.735" classname="com.base.Project"/>
</testsuite> <!-- Default test -->
