<?xml version="1.0" encoding="UTF-8"?>
<testng-results skipped="0" failed="0" total="4" passed="4">
  <reporter-output>
  </reporter-output>
  <suite name="Default suite" duration-ms="26255" started-at="2024-04-22T13:18:18Z" finished-at="2024-04-22T13:18:44Z">
    <groups>
    </groups>
    <test name="Default test" duration-ms="26255" started-at="2024-04-22T13:18:18Z" finished-at="2024-04-22T13:18:44Z">
      <class name="com.base.Project">
        <test-method status="PASS" signature="setUp()[pri:0, instance:com.base.Project@3f49dace]" name="setUp" is-config="true" duration-ms="8848" started-at="2024-04-22T14:18:18Z" finished-at="2024-04-22T14:18:27Z">
          <reporter-output>
          </reporter-output>
        </test-method> <!-- setUp -->
        <test-method status="PASS" signature="launch()[pri:1, instance:com.base.Project@3f49dace]" name="launch" duration-ms="3458" started-at="2024-04-22T14:18:27Z" finished-at="2024-04-22T14:18:30Z">
          <reporter-output>
          </reporter-output>
        </test-method> <!-- launch -->
        <test-method status="PASS" signature="search()[pri:2, instance:com.base.Project@3f49dace]" name="search" duration-ms="3461" started-at="2024-04-22T14:18:30Z" finished-at="2024-04-22T14:18:34Z">
          <reporter-output>
          </reporter-output>
        </test-method> <!-- search -->
        <test-method status="PASS" signature="product_filter()[pri:3, instance:com.base.Project@3f49dace]" name="product_filter" duration-ms="3299" started-at="2024-04-22T14:18:34Z" finished-at="2024-04-22T14:18:37Z">
          <reporter-output>
          </reporter-output>
        </test-method> <!-- product_filter -->
        <test-method status="PASS" signature="shoe()[pri:4, instance:com.base.Project@3f49dace]" name="shoe" duration-ms="6735" started-at="2024-04-22T14:18:37Z" finished-at="2024-04-22T14:18:44Z">
          <reporter-output>
          </reporter-output>
        </test-method> <!-- shoe -->
        <test-method status="PASS" signature="close()[pri:0, instance:com.base.Project@3f49dace]" name="close" is-config="true" duration-ms="322" started-at="2024-04-22T14:18:44Z" finished-at="2024-04-22T14:18:44Z">
          <reporter-output>
          </reporter-output>
        </test-method> <!-- close -->
      </class> <!-- com.base.Project -->
    </test> <!-- Default test -->
  </suite> <!-- Default suite -->
</testng-results>
